Build started 2017-04-18 11:45:03 AM.
     1>Project "C:\Users\Admin - Jo\Dropbox\University\Year 1\2nd Semester - Prog FILES\RPS Project\RPS Project\RPS Project.vcxproj" on node 2 (Build target(s)).
     1>ClCompile:
         C:\Program Files (x86)\Microsoft Visual Studio 14.0\VC\bin\CL.exe /c /ZI /nologo /W3 /WX- /sdl /Od /Oy- /D _MBCS /Gm /EHsc /RTC1 /MDd /GS /fp:precise /Zc:wchar_t /Zc:forScope /Zc:inline /Fo"Debug\\" /Fd"Debug\vc140.pdb" /Gd /TP /analyze- /errorReport:prompt RpsGameManager.cpp
         RpsGameManager.cpp
       Link:
         C:\Program Files (x86)\Microsoft Visual Studio 14.0\VC\bin\link.exe /ERRORREPORT:PROMPT /OUT:"C:\Users\Admin - Jo\Dropbox\University\Year 1\2nd Semester - Prog FILES\RPS Project\Debug\RPS Project.exe" /INCREMENTAL /NOLOGO kernel32.lib user32.lib gdi32.lib winspool.lib comdlg32.lib advapi32.lib shell32.lib ole32.lib oleaut32.lib uuid.lib odbc32.lib odbccp32.lib /MANIFEST /MANIFESTUAC:"level='asInvoker' uiAccess='false'" /manifest:embed /Debug /PDB:"C:\Users\Admin - Jo\Dropbox\University\Year 1\2nd Semester - Prog FILES\RPS Project\Debug\RPS Project.pdb" /TLBID:1 /DYNAMICBASE /NXCOMPAT /IMPLIB:"C:\Users\Admin - Jo\Dropbox\University\Year 1\2nd Semester - Prog FILES\RPS Project\Debug\RPS Project.lib" /MACHINE:X86 Debug\AntiHuman.obj
         Debug\History.obj
         Debug\Main.obj
         Debug\OpponentPlayerManager.obj
         Debug\PlayerManager.obj
         Debug\Random.obj
         Debug\RNG.obj
         Debug\RpsGameManager.obj
         Debug\RPS_Tools.obj
         Debug\Stats.obj
         RPS Project.vcxproj -> C:\Users\Admin - Jo\Dropbox\University\Year 1\2nd Semester - Prog FILES\RPS Project\Debug\RPS Project.exe
     1>Done Building Project "C:\Users\Admin - Jo\Dropbox\University\Year 1\2nd Semester - Prog FILES\RPS Project\RPS Project\RPS Project.vcxproj" (Build target(s)).

Build succeeded.

Time Elapsed 00:00:01.13
